2023.04.09 11:04:42 INFO  Started: Metals version 0.11.11 in workspace '/home/sxdaulet/work/elasticsearch-position-similarity' for client Visual Studio Code 1.77.0.[0m
SLF4J: No SLF4J providers were found.
SLF4J: Defaulting to no-operation (NOP) logger implementation
SLF4J: See https://www.slf4j.org/codes.html#noProviders for further details.
SLF4J: Class path contains SLF4J bindings targeting slf4j-api versions 1.7.x or earlier.
SLF4J: Ignoring binding found at [jar:file:/home/sxdaulet/.cache/coursier/v1/https/repo1.maven.org/maven2/com/outr/scribe-slf4j_2.13/3.11.0/scribe-slf4j_2.13-3.11.0.jar!/org/slf4j/impl/StaticLoggerBinder.class]
SLF4J: See https://www.slf4j.org/codes.html#ignoredBindings for an explanation.
2023.04.09 11:04:42 INFO  time: initialize in 0.46s[0m
2023.04.09 11:04:44 INFO  Attempting to connect to the build server...[0m
2023.04.09 11:04:44 INFO  Bloop uses /usr/lib/jvm/java-17-openjdk-amd64 defined at /home/sxdaulet/.bloop/bloop.json[0m
2023.04.09 11:04:45 INFO  time: code lens generation in 1.01s[0m
2023.04.09 11:04:46 INFO  tracing is disabled for protocol BSP, to enable tracing of incoming and outgoing JSON messages create an empty file at /home/sxdaulet/work/elasticsearch-position-similarity/.metals/bsp.trace.json or /home/sxdaulet/.cache/metals/bsp.trace.json[0m
2023.04.09 11:04:46 INFO  time: Connected to build server in 2.3s[0m
2023.04.09 11:04:46 INFO  Connected to Build server: Bloop v1.5.6[0m
2023.04.09 11:04:47 WARN  Could not find java sources in /usr/lib/jvm/src.zip, /usr/lib/jvm/lib/src.zip, /usr/lib/jvm/java-17-openjdk-amd64/src.zip, /usr/lib/jvm/java-17-openjdk-amd64/lib/src.zip. Java symbols will not be available.[0m
2023.04.09 11:04:47 WARN  Could not find java sources in /usr/lib/jvm/src.zip, /usr/lib/jvm/lib/src.zip, /usr/lib/jvm/java-17-openjdk-amd64/src.zip, /usr/lib/jvm/java-17-openjdk-amd64/lib/src.zip. Java symbols will not be available.[0m
2023.04.09 11:04:47 WARN  Could not find java sources in /usr/lib/jvm/src.zip, /usr/lib/jvm/lib/src.zip, /usr/lib/jvm/java-17-openjdk-amd64/src.zip, /usr/lib/jvm/java-17-openjdk-amd64/lib/src.zip. Java symbols will not be available.[0m
2023.04.09 11:04:47 INFO  time: indexed workspace in 1.01s[0m
2023.04.09 11:04:52 INFO  compiling elasticsearch-position-similarity (1 java source)[0m
2023.04.09 11:04:52 INFO  Note: /home/sxdaulet/work/elasticsearch-position-similarity/src/main/java/org/elasticsearch/index/query/PositionMatchWeight.java uses or overrides a deprecated API.[0m
2023.04.09 11:04:52 INFO  Note: Recompile with -Xlint:deprecation for details.[0m
2023.04.09 11:04:53 INFO  time: compiled elasticsearch-position-similarity in 1.15s[0m
2023.04.09 11:04:54 INFO  running '/home/sxdaulet/work/elasticsearch-position-similarity/gradlew --console=plain --init-script /tmp/metals149778389083948150/init-script.gradle bloopInstall'[0m
2023.04.09 11:04:54 INFO  To honour the JVM settings for this build a single-use Daemon process will be forked. See https://docs.gradle.org/7.6.1/userguide/gradle_daemon.html#sec:disabling_the_daemon.[0m
2023.04.09 11:04:54 INFO  Daemon will be stopped at the end of the build [0m
2023.04.09 11:04:58 INFO  > Task :configureBloopInstall[0m
2023.04.09 11:04:58 INFO  > Task :bloopInstall[0m
2023.04.09 11:04:58 INFO  [0m
2023.04.09 11:04:58 INFO  Deprecated Gradle features were used in this build, making it incompatible with Gradle 8.0.[0m
2023.04.09 11:04:58 INFO  [0m
2023.04.09 11:04:58 INFO  You can use '--warning-mode all' to show the individual deprecation warnings and determine if they come from your own scripts or plugins.[0m
2023.04.09 11:04:58 INFO  [0m
2023.04.09 11:04:58 INFO  See https://docs.gradle.org/7.6.1/userguide/command_line_interface.html#sec:command_line_warnings[0m
2023.04.09 11:04:58 INFO  [0m
2023.04.09 11:04:58 INFO  BUILD SUCCESSFUL in 4s[0m
2023.04.09 11:04:58 INFO  2 actionable tasks: 2 executed[0m
2023.04.09 11:04:59 INFO  time: ran 'gradle bloopInstall' in 5.13s[0m
2023.04.09 11:04:59 INFO  Disconnecting from Bloop session...[0m
2023.04.09 11:04:59 INFO  Shut down connection with build server.[0m
2023.04.09 11:04:59 INFO  Attempting to connect to the build server...[0m
2023.04.09 11:04:59 INFO  Bloop uses /usr/lib/jvm/java-17-openjdk-amd64 defined at /home/sxdaulet/.bloop/bloop.json[0m
2023.04.09 11:04:59 INFO  tracing is disabled for protocol BSP, to enable tracing of incoming and outgoing JSON messages create an empty file at /home/sxdaulet/work/elasticsearch-position-similarity/.metals/bsp.trace.json or /home/sxdaulet/.cache/metals/bsp.trace.json[0m
2023.04.09 11:04:59 INFO  time: Connected to build server in 93ms[0m
2023.04.09 11:04:59 INFO  Connected to Build server: Bloop v1.5.6[0m
2023.04.09 11:05:00 WARN  Could not find java sources in /usr/lib/jvm/src.zip, /usr/lib/jvm/lib/src.zip, /usr/lib/jvm/java-17-openjdk-amd64/src.zip, /usr/lib/jvm/java-17-openjdk-amd64/lib/src.zip. Java symbols will not be available.[0m
2023.04.09 11:05:00 WARN  Could not find java sources in /usr/lib/jvm/src.zip, /usr/lib/jvm/lib/src.zip, /usr/lib/jvm/java-17-openjdk-amd64/src.zip, /usr/lib/jvm/java-17-openjdk-amd64/lib/src.zip. Java symbols will not be available.[0m
2023.04.09 11:05:00 WARN  Could not find java sources in /usr/lib/jvm/src.zip, /usr/lib/jvm/lib/src.zip, /usr/lib/jvm/java-17-openjdk-amd64/src.zip, /usr/lib/jvm/java-17-openjdk-amd64/lib/src.zip. Java symbols will not be available.[0m
2023.04.09 11:05:00 INFO  time: indexed workspace in 0.75s[0m
Apr 09, 2023 11:05:58 AM org.eclipse.lsp4j.jsonrpc.RemoteEndpoint handleCancellation
WARNING: Unmatched cancel notification for request id 52
Apr 09, 2023 11:05:59 AM org.eclipse.lsp4j.jsonrpc.RemoteEndpoint handleCancellation
WARNING: Unmatched cancel notification for request id 53
2023.04.09 11:06:22 INFO  compiling elasticsearch-position-similarity (1 java source)[0m
2023.04.09 11:06:22 WARN  javac exited with exit code 1[0m
2023.04.09 11:06:22 INFO  time: compiled elasticsearch-position-similarity in 0.93s[0m
2023.04.09 11:06:23 WARN  Could not load snapshot text for /home/sxdaulet/work/elasticsearch-position-similarity/src/main/java/org/elasticsearch/index/query/PositionMatchWeight.java[0m
2023.04.09 11:06:27 WARN  Could not load snapshot text for /home/sxdaulet/work/elasticsearch-position-similarity/src/main/java/org/elasticsearch/index/query/PositionMatchWeight.java[0m
2023.04.09 11:06:52 WARN  Could not load snapshot text for /home/sxdaulet/work/elasticsearch-position-similarity/src/main/java/org/elasticsearch/index/query/PositionMatchWeight.java[0m
2023.04.09 11:06:52 WARN  Could not load snapshot text for /home/sxdaulet/work/elasticsearch-position-similarity/src/main/java/org/elasticsearch/index/query/PositionMatchWeight.java[0m
2023.04.09 11:06:53 INFO  compiling elasticsearch-position-similarity (1 java source)[0m
2023.04.09 11:06:53 WARN  javac exited with exit code 1[0m
2023.04.09 11:06:53 INFO  time: compiled elasticsearch-position-similarity in 0.82s[0m
2023.04.09 11:06:54 WARN  Could not load snapshot text for /home/sxdaulet/work/elasticsearch-position-similarity/src/main/java/org/elasticsearch/index/query/PositionMatchWeight.java[0m
2023.04.09 11:06:58 WARN  Could not load snapshot text for /home/sxdaulet/work/elasticsearch-position-similarity/src/main/java/org/elasticsearch/index/query/PositionMatchWeight.java[0m
2023.04.09 11:08:01 WARN  Could not load snapshot text for /home/sxdaulet/work/elasticsearch-position-similarity/src/main/java/org/elasticsearch/index/query/PositionMatchWeight.java[0m
2023.04.09 11:08:05 WARN  Could not load snapshot text for /home/sxdaulet/work/elasticsearch-position-similarity/src/main/java/org/elasticsearch/index/query/PositionMatchWeight.java[0m
2023.04.09 11:08:13 INFO  compiling elasticsearch-position-similarity (1 java source)[0m
2023.04.09 11:08:14 WARN  javac exited with exit code 1[0m
2023.04.09 11:08:14 INFO  time: compiled elasticsearch-position-similarity in 1.22s[0m
2023.04.09 11:08:19 WARN  Could not load snapshot text for /home/sxdaulet/work/elasticsearch-position-similarity/src/main/java/org/elasticsearch/index/query/PositionMatchWeight.java[0m
2023.04.09 11:08:44 INFO  compiling elasticsearch-position-similarity (1 java source)[0m
2023.04.09 11:08:44 WARN  javac exited with exit code 1[0m
2023.04.09 11:08:44 INFO  time: compiled elasticsearch-position-similarity in 0.84s[0m
2023.04.09 11:09:48 WARN  Could not load snapshot text for /home/sxdaulet/work/elasticsearch-position-similarity/src/main/java/org/elasticsearch/index/query/PositionMatchWeight.java[0m
2023.04.09 11:09:54 WARN  Could not load snapshot text for /home/sxdaulet/work/elasticsearch-position-similarity/src/main/java/org/elasticsearch/index/query/PositionMatchWeight.java[0m
2023.04.09 11:09:59 WARN  Could not load snapshot text for /home/sxdaulet/work/elasticsearch-position-similarity/src/main/java/org/elasticsearch/index/query/PositionMatchWeight.java[0m
2023.04.09 11:10:00 WARN  Could not load snapshot text for /home/sxdaulet/work/elasticsearch-position-similarity/src/main/java/org/elasticsearch/index/query/PositionMatchWeight.java[0m
2023.04.09 11:10:00 WARN  Could not load snapshot text for /home/sxdaulet/work/elasticsearch-position-similarity/src/main/java/org/elasticsearch/index/query/PositionMatchWeight.java[0m
2023.04.09 11:10:01 WARN  Could not load snapshot text for /home/sxdaulet/work/elasticsearch-position-similarity/src/main/java/org/elasticsearch/index/query/PositionMatchWeight.java[0m
2023.04.09 11:10:02 WARN  Could not load snapshot text for /home/sxdaulet/work/elasticsearch-position-similarity/src/main/java/org/elasticsearch/index/query/PositionMatchWeight.java[0m
2023.04.09 11:10:04 WARN  Could not load snapshot text for /home/sxdaulet/work/elasticsearch-position-similarity/src/main/java/org/elasticsearch/index/query/PositionMatchWeight.java[0m
2023.04.09 11:10:07 WARN  Could not load snapshot text for /home/sxdaulet/work/elasticsearch-position-similarity/src/main/java/org/elasticsearch/index/query/PositionMatchWeight.java[0m
2023.04.09 11:10:07 WARN  Could not load snapshot text for /home/sxdaulet/work/elasticsearch-position-similarity/src/main/java/org/elasticsearch/index/query/PositionMatchWeight.java[0m
2023.04.09 11:10:11 WARN  Could not load snapshot text for /home/sxdaulet/work/elasticsearch-position-similarity/src/main/java/org/elasticsearch/index/query/PositionMatchWeight.java[0m
2023.04.09 11:10:11 WARN  Could not load snapshot text for /home/sxdaulet/work/elasticsearch-position-similarity/src/main/java/org/elasticsearch/index/query/PositionMatchWeight.java[0m
2023.04.09 11:10:11 WARN  Could not load snapshot text for /home/sxdaulet/work/elasticsearch-position-similarity/src/main/java/org/elasticsearch/index/query/PositionMatchWeight.java[0m
2023.04.09 11:10:16 INFO  compiling elasticsearch-position-similarity (1 java source)[0m
2023.04.09 11:10:16 INFO  Note: /home/sxdaulet/work/elasticsearch-position-similarity/src/main/java/org/elasticsearch/index/query/PositionMatchWeight.java uses or overrides a deprecated API.[0m
2023.04.09 11:10:16 INFO  Note: Recompile with -Xlint:deprecation for details.[0m
2023.04.09 11:10:16 INFO  time: compiled elasticsearch-position-similarity in 0.9s[0m
2023.04.09 11:10:16 INFO  compiling elasticsearch-position-similarity (5 java sources)[0m
2023.04.09 11:10:18 INFO  Note: Some input files use or override a deprecated API.[0m
2023.04.09 11:10:18 INFO  Note: Recompile with -Xlint:deprecation for details.[0m
2023.04.09 11:10:18 INFO  time: compiled elasticsearch-position-similarity in 1.37s[0m
Apr 09, 2023 11:15:34 AM org.eclipse.lsp4j.jsonrpc.services.GenericEndpoint notify
INFO: Unsupported notification method: $/setTrace
2023.04.09 11:31:12 INFO  compiling elasticsearch-position-similarity (1 java source)[0m
2023.04.09 11:31:12 INFO  Note: /home/sxdaulet/work/elasticsearch-position-similarity/src/main/java/org/elasticsearch/index/query/PositionMatchWeight.java uses or overrides a deprecated API.[0m
2023.04.09 11:31:12 INFO  Note: Recompile with -Xlint:deprecation for details.[0m
2023.04.09 11:31:12 INFO  time: compiled elasticsearch-position-similarity in 0.83s[0m
Apr 09, 2023 11:32:51 AM org.eclipse.lsp4j.jsonrpc.RemoteEndpoint handleCancellation
WARNING: Unmatched cancel notification for request id 368
2023.04.09 11:33:00 INFO  compiling elasticsearch-position-similarity (1 java source)[0m
2023.04.09 11:33:00 INFO  Note: /home/sxdaulet/work/elasticsearch-position-similarity/src/main/java/org/elasticsearch/index/query/PositionMatchWeight.java uses or overrides a deprecated API.[0m
2023.04.09 11:33:00 INFO  Note: Recompile with -Xlint:deprecation for details.[0m
2023.04.09 11:33:00 INFO  time: compiled elasticsearch-position-similarity in 0.78s[0m
2023.04.09 11:33:00 INFO  compiling elasticsearch-position-similarity (5 java sources)[0m
2023.04.09 11:33:02 INFO  Note: Some input files use or override a deprecated API.[0m
2023.04.09 11:33:02 INFO  Note: Recompile with -Xlint:deprecation for details.[0m
2023.04.09 11:33:02 INFO  time: compiled elasticsearch-position-similarity in 1.09s[0m
2023.04.09 11:33:46 INFO  compiling elasticsearch-position-similarity (1 java source)[0m
2023.04.09 11:33:46 INFO  Note: /home/sxdaulet/work/elasticsearch-position-similarity/src/main/java/org/elasticsearch/index/query/PositionMatchWeight.java uses or overrides a deprecated API.[0m
2023.04.09 11:33:46 INFO  Note: Recompile with -Xlint:deprecation for details.[0m
2023.04.09 11:33:46 INFO  time: compiled elasticsearch-position-similarity in 0.74s[0m
2023.04.09 11:34:09 INFO  compiling elasticsearch-position-similarity (1 java source)[0m
2023.04.09 11:34:09 INFO  Note: /home/sxdaulet/work/elasticsearch-position-similarity/src/main/java/org/elasticsearch/index/query/PositionMatchWeight.java uses or overrides a deprecated API.[0m
2023.04.09 11:34:09 INFO  Note: Recompile with -Xlint:deprecation for details.[0m
2023.04.09 11:34:09 INFO  time: compiled elasticsearch-position-similarity in 0.71s[0m
2023.04.09 11:34:41 INFO  compiling elasticsearch-position-similarity (1 java source)[0m
2023.04.09 11:34:41 INFO  time: compiled elasticsearch-position-similarity in 0.73s[0m
2023.04.09 11:34:41 INFO  compiling elasticsearch-position-similarity (5 java sources)[0m
2023.04.09 11:34:43 INFO  Note: /home/sxdaulet/work/elasticsearch-position-similarity/src/main/java/org/elasticsearch/index/query/PositionMatchScorer.java uses or overrides a deprecated API.[0m
2023.04.09 11:34:43 INFO  Note: Recompile with -Xlint:deprecation for details.[0m
2023.04.09 11:34:43 INFO  time: compiled elasticsearch-position-similarity in 1.07s[0m
2023.04.09 11:34:59 INFO  compiling elasticsearch-position-similarity (1 java source)[0m
2023.04.09 11:34:59 INFO  time: compiled elasticsearch-position-similarity in 0.71s[0m
2023.04.09 11:36:17 INFO  compiling elasticsearch-position-similarity (1 java source)[0m
2023.04.09 11:36:17 WARN  javac exited with exit code 1[0m
2023.04.09 11:36:17 INFO  time: compiled elasticsearch-position-similarity in 0.81s[0m
2023.04.09 11:36:41 INFO  compiling elasticsearch-position-similarity (1 java source)[0m
2023.04.09 11:36:41 INFO  time: compiled elasticsearch-position-similarity in 0.74s[0m
2023.04.09 11:36:57 INFO  compiling elasticsearch-position-similarity (1 java source)[0m
2023.04.09 11:36:57 WARN  javac exited with exit code 1[0m
2023.04.09 11:36:57 INFO  time: compiled elasticsearch-position-similarity in 0.86s[0m
2023.04.09 11:37:18 INFO  compiling elasticsearch-position-similarity (1 java source)[0m
2023.04.09 11:37:18 WARN  javac exited with exit code 1[0m
2023.04.09 11:37:18 INFO  time: compiled elasticsearch-position-similarity in 0.82s[0m
2023.04.09 11:37:22 INFO  compiling elasticsearch-position-similarity (1 java source)[0m
2023.04.09 11:37:22 WARN  javac exited with exit code 1[0m
2023.04.09 11:37:22 INFO  time: compiled elasticsearch-position-similarity in 0.83s[0m
2023.04.09 11:40:07 INFO  compiling elasticsearch-position-similarity (1 java source)[0m
2023.04.09 11:40:07 WARN  javac exited with exit code 1[0m
2023.04.09 11:40:07 INFO  time: compiled elasticsearch-position-similarity in 0.87s[0m
2023.04.09 11:42:02 INFO  compiling elasticsearch-position-similarity (1 java source)[0m
2023.04.09 11:42:02 INFO  Note: /home/sxdaulet/work/elasticsearch-position-similarity/src/main/java/org/elasticsearch/index/query/PositionMatchWeight.java uses or overrides a deprecated API.[0m
2023.04.09 11:42:02 INFO  Note: Recompile with -Xlint:deprecation for details.[0m
2023.04.09 11:42:02 INFO  time: compiled elasticsearch-position-similarity in 0.79s[0m
2023.04.09 11:42:02 INFO  compiling elasticsearch-position-similarity (5 java sources)[0m
2023.04.09 11:42:04 INFO  Note: Some input files use or override a deprecated API.[0m
2023.04.09 11:42:04 INFO  Note: Recompile with -Xlint:deprecation for details.[0m
2023.04.09 11:42:04 INFO  time: compiled elasticsearch-position-similarity in 0.98s[0m
2023.04.09 11:43:00 INFO  compiling elasticsearch-position-similarity (1 java source)[0m
2023.04.09 11:43:00 INFO  Note: /home/sxdaulet/work/elasticsearch-position-similarity/src/main/java/org/elasticsearch/index/query/PositionMatchWeight.java uses or overrides a deprecated API.[0m
2023.04.09 11:43:00 INFO  Note: Recompile with -Xlint:deprecation for details.[0m
2023.04.09 11:43:00 INFO  time: compiled elasticsearch-position-similarity in 0.76s[0m
2023.04.09 11:43:34 INFO  compiling elasticsearch-position-similarity (1 java source)[0m
2023.04.09 11:43:34 INFO  Note: /home/sxdaulet/work/elasticsearch-position-similarity/src/main/java/org/elasticsearch/index/query/PositionMatchWeight.java uses or overrides a deprecated API.[0m
2023.04.09 11:43:34 INFO  Note: Recompile with -Xlint:deprecation for details.[0m
2023.04.09 11:43:34 INFO  time: compiled elasticsearch-position-similarity in 0.72s[0m
2023.04.09 12:08:27 INFO  running '/home/sxdaulet/work/elasticsearch-position-similarity/gradlew --console=plain --init-script /tmp/metals5617790502251208476/init-script.gradle bloopInstall'[0m
2023.04.09 12:08:28 INFO  To honour the JVM settings for this build a single-use Daemon process will be forked. See https://docs.gradle.org/7.6.1/userguide/gradle_daemon.html#sec:disabling_the_daemon.[0m
2023.04.09 12:08:28 INFO  Daemon will be stopped at the end of the build [0m
2023.04.09 12:08:31 ERROR [0m
2023.04.09 12:08:31 ERROR FAILURE: Build failed with an exception.[0m
2023.04.09 12:08:31 ERROR [0m
2023.04.09 12:08:31 ERROR * Where:[0m
2023.04.09 12:08:31 ERROR Build file '/home/sxdaulet/work/elasticsearch-position-similarity/build.gradle' line: 20[0m
2023.04.09 12:08:31 ERROR [0m
2023.04.09 12:08:31 ERROR * What went wrong:[0m
2023.04.09 12:08:31 ERROR A problem occurred evaluating root project 'elasticsearch-position-similarity'.[0m
2023.04.09 12:08:31 ERROR > Could not set unknown property 'es_version' for object of type org.gradle.api.internal.initialization.DefaultScriptHandler.[0m
2023.04.09 12:08:31 ERROR [0m
2023.04.09 12:08:31 ERROR * Try:[0m
2023.04.09 12:08:31 ERROR > Run with --stacktrace option to get the stack trace.[0m
2023.04.09 12:08:31 ERROR > Run with --info or --debug option to get more log output.[0m
2023.04.09 12:08:31 ERROR > Run with --scan to get full insights.[0m
2023.04.09 12:08:31 ERROR [0m
2023.04.09 12:08:31 ERROR * Get more help at https://help.gradle.org[0m
2023.04.09 12:08:31 ERROR [0m
2023.04.09 12:08:31 ERROR BUILD FAILED in 3s[0m
2023.04.09 12:08:31 INFO  time: ran 'gradle bloopInstall' in 3.83s[0m
2023.04.09 12:08:31 ERROR Gradle command failed: /home/sxdaulet/work/elasticsearch-position-similarity/gradlew --console=plain --init-script /tmp/metals5617790502251208476/init-script.gradle bloopInstall[0m
2023.04.09 12:08:31 INFO  Disconnecting from Bloop session...[0m
2023.04.09 12:08:31 INFO  Shut down connection with build server.[0m
2023.04.09 12:08:31 INFO  Attempting to connect to the build server...[0m
2023.04.09 12:08:31 INFO  Bloop uses /usr/lib/jvm/java-17-openjdk-amd64 defined at /home/sxdaulet/.bloop/bloop.json[0m
2023.04.09 12:08:31 INFO  tracing is disabled for protocol BSP, to enable tracing of incoming and outgoing JSON messages create an empty file at /home/sxdaulet/work/elasticsearch-position-similarity/.metals/bsp.trace.json or /home/sxdaulet/.cache/metals/bsp.trace.json[0m
2023.04.09 12:08:31 INFO  time: Connected to build server in 73ms[0m
2023.04.09 12:08:31 INFO  Connected to Build server: Bloop v1.5.6[0m
2023.04.09 12:08:31 WARN  Could not find java sources in /usr/lib/jvm/src.zip, /usr/lib/jvm/lib/src.zip, /usr/lib/jvm/java-17-openjdk-amd64/src.zip, /usr/lib/jvm/java-17-openjdk-amd64/lib/src.zip. Java symbols will not be available.[0m
2023.04.09 12:08:31 WARN  Could not find java sources in /usr/lib/jvm/src.zip, /usr/lib/jvm/lib/src.zip, /usr/lib/jvm/java-17-openjdk-amd64/src.zip, /usr/lib/jvm/java-17-openjdk-amd64/lib/src.zip. Java symbols will not be available.[0m
2023.04.09 12:08:31 WARN  Could not find java sources in /usr/lib/jvm/src.zip, /usr/lib/jvm/lib/src.zip, /usr/lib/jvm/java-17-openjdk-amd64/src.zip, /usr/lib/jvm/java-17-openjdk-amd64/lib/src.zip. Java symbols will not be available.[0m
2023.04.09 12:08:31 INFO  time: indexed workspace in 0.74s[0m
2023.04.09 12:17:23 INFO  running '/home/sxdaulet/work/elasticsearch-position-similarity/gradlew --console=plain --init-script /tmp/metals1903335539467525077/init-script.gradle bloopInstall'[0m
2023.04.09 12:17:23 INFO  skipping build import with status 'Started'[0m
2023.04.09 12:17:23 INFO  To honour the JVM settings for this build a single-use Daemon process will be forked. See https://docs.gradle.org/7.6.1/userguide/gradle_daemon.html#sec:disabling_the_daemon.[0m
2023.04.09 12:17:25 INFO  Daemon will be stopped at the end of the build [0m
2023.04.09 12:17:29 INFO  > Task :configureBloopInstall[0m
2023.04.09 12:17:29 INFO  > Task :bloopInstall[0m
2023.04.09 12:17:29 INFO  [0m
2023.04.09 12:17:29 INFO  Deprecated Gradle features were used in this build, making it incompatible with Gradle 8.0.[0m
2023.04.09 12:17:29 INFO  [0m
2023.04.09 12:17:29 INFO  You can use '--warning-mode all' to show the individual deprecation warnings and determine if they come from your own scripts or plugins.[0m
2023.04.09 12:17:29 INFO  [0m
2023.04.09 12:17:29 INFO  See https://docs.gradle.org/7.6.1/userguide/command_line_interface.html#sec:command_line_warnings[0m
2023.04.09 12:17:29 INFO  [0m
2023.04.09 12:17:29 INFO  BUILD SUCCESSFUL in 7s[0m
2023.04.09 12:17:29 INFO  2 actionable tasks: 2 executed[0m
2023.04.09 12:17:30 INFO  time: ran 'gradle bloopInstall' in 7.52s[0m
2023.04.09 12:17:30 INFO  Disconnecting from Bloop session...[0m
2023.04.09 12:17:30 INFO  Shut down connection with build server.[0m
2023.04.09 12:17:30 INFO  Attempting to connect to the build server...[0m
2023.04.09 12:17:30 INFO  Bloop uses /usr/lib/jvm/java-17-openjdk-amd64 defined at /home/sxdaulet/.bloop/bloop.json[0m
2023.04.09 12:17:30 INFO  tracing is disabled for protocol BSP, to enable tracing of incoming and outgoing JSON messages create an empty file at /home/sxdaulet/work/elasticsearch-position-similarity/.metals/bsp.trace.json or /home/sxdaulet/.cache/metals/bsp.trace.json[0m
2023.04.09 12:17:30 INFO  time: Connected to build server in 83ms[0m
2023.04.09 12:17:30 INFO  Connected to Build server: Bloop v1.5.6[0m
2023.04.09 12:17:31 WARN  Could not find java sources in /usr/lib/jvm/src.zip, /usr/lib/jvm/lib/src.zip, /usr/lib/jvm/java-17-openjdk-amd64/src.zip, /usr/lib/jvm/java-17-openjdk-amd64/lib/src.zip. Java symbols will not be available.[0m
2023.04.09 12:17:31 WARN  Could not find java sources in /usr/lib/jvm/src.zip, /usr/lib/jvm/lib/src.zip, /usr/lib/jvm/java-17-openjdk-amd64/src.zip, /usr/lib/jvm/java-17-openjdk-amd64/lib/src.zip. Java symbols will not be available.[0m
2023.04.09 12:17:31 WARN  Could not find java sources in /usr/lib/jvm/src.zip, /usr/lib/jvm/lib/src.zip, /usr/lib/jvm/java-17-openjdk-amd64/src.zip, /usr/lib/jvm/java-17-openjdk-amd64/lib/src.zip. Java symbols will not be available.[0m
2023.04.09 12:17:31 INFO  time: indexed workspace in 0.73s[0m
